[1023/222308.073:INFO:CONSOLE(27)] "Lynx2D [22:23:08] - Started game loop at 60 FPS!", source: file:///C:/Users/Arthur/Desktop/lynx2d/Lynx2D-Engine/bin/x64/Debug/projects/example//data/lynx2d.js (27)
[1023/222308.073:INFO:CONSOLE(490)] "Lynx2D [22:23:08] - New controller created.", source: file:///C:/Users/Arthur/Desktop/lynx2d/Lynx2D-Engine/bin/x64/Debug/projects/example//data/lynx2d.js (490)
[1023/222312.848:INFO:CONSOLE(490)] "Lynx2D [22:23:12] - New controller created.", source: file:///C:/Users/Arthur/Desktop/lynx2d/Lynx2D-Engine/bin/x64/Debug/projects/example//data/lynx2d.js (490)
[1023/222312.850:INFO:CONSOLE(711)] "Lynx2D [22:23:12] - Scene could not be restored, there is no saved state available.", source: file:///C:/Users/Arthur/Desktop/lynx2d/Lynx2D-Engine/bin/x64/Debug/projects/example//data/lynx2d.js (711)
[1023/222319.876:INFO:CONSOLE(1493)] "Uncaught TypeError: Cannot set property '0' of undefined", source: file:///C:/Users/Arthur/Desktop/lynx2d/Lynx2D-Engine/bin/x64/Debug/projects/example//data/lynx2d.js (1493)
[1023/222326.408:INFO:CONSOLE(27)] "Lynx2D [22:23:26] - Started game loop at 60 FPS!", source: file:///C:/Users/Arthur/Desktop/lynx2d/Lynx2D-Engine/bin/x64/Debug/projects/example//data/lynx2d.js (27)
[1023/222326.408:INFO:CONSOLE(490)] "Lynx2D [22:23:26] - New controller created.", source: file:///C:/Users/Arthur/Desktop/lynx2d/Lynx2D-Engine/bin/x64/Debug/projects/example//data/lynx2d.js (490)
[1023/222354.058:INFO:CONSOLE(27)] "Lynx2D [22:23:54] - Started game loop at 60 FPS!", source: file:///C:/Users/Arthur/Desktop/lynx2d/Lynx2D-Engine/bin/x64/Debug/projects/example//data/lynx2d.js (27)
[1023/222354.058:INFO:CONSOLE(490)] "Lynx2D [22:23:54] - New controller created.", source: file:///C:/Users/Arthur/Desktop/lynx2d/Lynx2D-Engine/bin/x64/Debug/projects/example//data/lynx2d.js (490)
[1023/222355.117:INFO:CONSOLE(490)] "Lynx2D [22:23:55] - New controller created.", source: file:///C:/Users/Arthur/Desktop/lynx2d/Lynx2D-Engine/bin/x64/Debug/projects/example//data/lynx2d.js (490)
[1023/222355.118:INFO:CONSOLE(711)] "Lynx2D [22:23:55] - Scene could not be restored, there is no saved state available.", source: file:///C:/Users/Arthur/Desktop/lynx2d/Lynx2D-Engine/bin/x64/Debug/projects/example//data/lynx2d.js (711)
[1023/222358.020:INFO:CONSOLE(490)] "Lynx2D [22:23:58] - New controller created.", source: file:///C:/Users/Arthur/Desktop/lynx2d/Lynx2D-Engine/bin/x64/Debug/projects/example//data/lynx2d.js (490)
[1023/222358.221:INFO:CONSOLE(490)] "Lynx2D [22:23:58] - New controller created.", source: file:///C:/Users/Arthur/Desktop/lynx2d/Lynx2D-Engine/bin/x64/Debug/projects/example//data/lynx2d.js (490)
[1023/222359.367:INFO:CONSOLE(490)] "Lynx2D [22:23:59] - New controller created.", source: file:///C:/Users/Arthur/Desktop/lynx2d/Lynx2D-Engine/bin/x64/Debug/projects/example//data/lynx2d.js (490)
[1023/222400.117:INFO:CONSOLE(490)] "Lynx2D [22:24:00] - New controller created.", source: file:///C:/Users/Arthur/Desktop/lynx2d/Lynx2D-Engine/bin/x64/Debug/projects/example//data/lynx2d.js (490)
[1023/222404.283:INFO:CONSOLE(490)] "Lynx2D [22:24:04] - New controller created.", source: file:///C:/Users/Arthur/Desktop/lynx2d/Lynx2D-Engine/bin/x64/Debug/projects/example//data/lynx2d.js (490)
[1023/222406.696:INFO:CONSOLE(27)] "Lynx2D [22:24:06] - Started game loop at 60 FPS!", source: file:///C:/Users/Arthur/Desktop/lynx2d/Lynx2D-Engine/bin/x64/Debug/projects/example//data/lynx2d.js (27)
[1023/222406.696:INFO:CONSOLE(490)] "Lynx2D [22:24:06] - New controller created.", source: file:///C:/Users/Arthur/Desktop/lynx2d/Lynx2D-Engine/bin/x64/Debug/projects/example//data/lynx2d.js (490)
[1023/222429.533:INFO:CONSOLE(27)] "Lynx2D [22:24:29] - Started game loop at 60 FPS!", source: file:///C:/Users/Arthur/Desktop/lynx2d/Lynx2D-Engine/bin/x64/Debug/projects/otherworld//data/lynx2d.js (27)
[1023/222429.533:INFO:CONSOLE(490)] "Lynx2D [22:24:29] - New controller created.", source: file:///C:/Users/Arthur/Desktop/lynx2d/Lynx2D-Engine/bin/x64/Debug/projects/otherworld//data/lynx2d.js (490)
[1024/144400.555:INFO:CONSOLE(27)] "Lynx2D [14:44:00] - Started game loop at 60 FPS!", source: file:///C:/Users/Arthur/Desktop/lynx2d/Lynx2D-Engine/bin/x64/Debug/projects/otherworld//data/lynx2d.js (27)
[1024/144400.556:INFO:CONSOLE(490)] "Lynx2D [14:44:00] - New controller created.", source: file:///C:/Users/Arthur/Desktop/lynx2d/Lynx2D-Engine/bin/x64/Debug/projects/otherworld//data/lynx2d.js (490)
[1024/164028.128:INFO:CONSOLE(27)] "Lynx2D [16:40:28] - Started game loop at 60 FPS!", source: file:///C:/Users/Arthur/Desktop/lynx2d/Lynx2D-Engine/bin/x64/Debug/projects/otherworld//data/lynx2d.js (27)
[1024/164028.129:INFO:CONSOLE(490)] "Lynx2D [16:40:28] - New controller created.", source: file:///C:/Users/Arthur/Desktop/lynx2d/Lynx2D-Engine/bin/x64/Debug/projects/otherworld//data/lynx2d.js (490)
[1024/164055.048:INFO:CONSOLE(27)] "Lynx2D [16:40:55] - Started game loop at 60 FPS!", source: file:///C:/Users/Arthur/Desktop/lynx2d/Lynx2D-Engine/bin/x64/Debug/projects/otherworld//data/lynx2d.js (27)
[1024/164055.048:INFO:CONSOLE(490)] "Lynx2D [16:40:55] - New controller created.", source: file:///C:/Users/Arthur/Desktop/lynx2d/Lynx2D-Engine/bin/x64/Debug/projects/otherworld//data/lynx2d.js (490)
[1024/164122.878:INFO:CONSOLE(1)] "ENGINE_INTERACTION_PLACE_TILE(X-2Y-5R0)", source: about:blank (1)
[1024/164122.893:INFO:CONSOLE(1)] "ENGINE_INTERACTION_PLACE_TILE(X-2Y-5R0)", source: about:blank (1)
[1024/164122.907:INFO:CONSOLE(1)] "ENGINE_INTERACTION_PLACE_TILE(X-2Y-5R0)", source: about:blank (1)
[1024/164122.921:INFO:CONSOLE(1)] "ENGINE_INTERACTION_PLACE_TILE(X-2Y-5R0)", source: about:blank (1)
[1024/164122.942:INFO:CONSOLE(1)] "ENGINE_INTERACTION_PLACE_TILE(X-2Y-5R0)", source: about:blank (1)
[1024/164122.955:INFO:CONSOLE(1)] "ENGINE_INTERACTION_PLACE_TILE(X-2Y-5R0)", source: about:blank (1)
[1024/164125.373:INFO:CONSOLE(1)] "ENGINE_INTERACTION_PLACE_TILE(X-3Y-5R0)", source: about:blank (1)
[1024/164125.393:INFO:CONSOLE(1)] "ENGINE_INTERACTION_PLACE_TILE(X-3Y-5R0)", source: about:blank (1)
[1024/164125.407:INFO:CONSOLE(1)] "ENGINE_INTERACTION_PLACE_TILE(X-3Y-5R0)", source: about:blank (1)
[1024/164125.421:INFO:CONSOLE(1)] "ENGINE_INTERACTION_PLACE_TILE(X-3Y-5R0)", source: about:blank (1)
[1024/164125.442:INFO:CONSOLE(1)] "ENGINE_INTERACTION_PLACE_TILE(X-3Y-5R0)", source: about:blank (1)
[1024/164125.456:INFO:CONSOLE(1)] "ENGINE_INTERACTION_PLACE_TILE(X-3Y-5R0)", source: about:blank (1)
[1024/164125.471:INFO:CONSOLE(1)] "ENGINE_INTERACTION_PLACE_TILE(X-3Y-5R0)", source: about:blank (1)
[1024/164227.192:INFO:CONSOLE(27)] "Lynx2D [16:42:27] - Started game loop at 60 FPS!", source: file:///C:/Users/Arthur/Desktop/lynx2d/Lynx2D-Engine/bin/x64/Debug/projects/otherworld//data/lynx2d.js (27)
[1024/164227.193:INFO:CONSOLE(490)] "Lynx2D [16:42:27] - New controller created.", source: file:///C:/Users/Arthur/Desktop/lynx2d/Lynx2D-Engine/bin/x64/Debug/projects/otherworld//data/lynx2d.js (490)
[1024/164249.976:INFO:CONSOLE(1)] "ENGINE_INTERACTION_PLACE_TILE(X-3Y-4R0)", source: about:blank (1)
[1024/164249.989:INFO:CONSOLE(1)] "ENGINE_INTERACTION_PLACE_TILE(X-3Y-4R0)", source: about:blank (1)
[1024/164250.009:INFO:CONSOLE(1)] "ENGINE_INTERACTION_PLACE_TILE(X-3Y-4R0)", source: about:blank (1)
[1024/164250.023:INFO:CONSOLE(1)] "ENGINE_INTERACTION_PLACE_TILE(X-3Y-4R0)", source: about:blank (1)
[1024/164250.038:INFO:CONSOLE(1)] "ENGINE_INTERACTION_PLACE_TILE(X-3Y-4R0)", source: about:blank (1)
[1024/164251.593:INFO:CONSOLE(1)] "ENGINE_INTERACTION_PLACE_TILE(X-3Y-2R0)", source: about:blank (1)
[1024/164251.607:INFO:CONSOLE(1)] "ENGINE_INTERACTION_PLACE_TILE(X-3Y-2R0)", source: about:blank (1)
[1024/164251.620:INFO:CONSOLE(1)] "ENGINE_INTERACTION_PLACE_TILE(X-3Y-2R0)", source: about:blank (1)
[1024/164426.115:INFO:CONSOLE(27)] "Lynx2D [16:44:26] - Started game loop at 60 FPS!", source: file:///C:/Users/Arthur/Desktop/lynx2d/Lynx2D-Engine/bin/x64/Debug/projects/otherworld//data/lynx2d.js (27)
[1024/164426.115:INFO:CONSOLE(490)] "Lynx2D [16:44:26] - New controller created.", source: file:///C:/Users/Arthur/Desktop/lynx2d/Lynx2D-Engine/bin/x64/Debug/projects/otherworld//data/lynx2d.js (490)
[1024/165238.192:INFO:CONSOLE(27)] "Lynx2D [16:52:38] - Started game loop at 60 FPS!", source: file:///C:/Users/Arthur/Desktop/lynx2d/Lynx2D-Engine/bin/x64/Debug/projects/otherworld//data/lynx2d.js (27)
[1024/165238.192:INFO:CONSOLE(490)] "Lynx2D [16:52:38] - New controller created.", source: file:///C:/Users/Arthur/Desktop/lynx2d/Lynx2D-Engine/bin/x64/Debug/projects/otherworld//data/lynx2d.js (490)
[1024/165254.187:INFO:CONSOLE(1)] "ENGINE_INTERACTION_PLACE_TILE(X-2Y-3R0)", source: about:blank (1)
[1024/165254.209:INFO:CONSOLE(1)] "Uncaught SyntaxError: Unexpected number", source: about:blank (1)
[1024/165254.213:INFO:CONSOLE(1)] "ENGINE_INTERACTION_PLACE_TILE(X-2Y-3R0)", source: about:blank (1)
[1024/165254.219:INFO:CONSOLE(1)] "ENGINE_INTERACTION_PLACE_TILE(X-2Y-3R0)", source: about:blank (1)
[1024/165254.232:INFO:CONSOLE(1)] "ENGINE_INTERACTION_PLACE_TILE(X-2Y-3R0)", source: about:blank (1)
[1024/165254.246:INFO:CONSOLE(1)] "ENGINE_INTERACTION_PLACE_TILE(X-2Y-3R0)", source: about:blank (1)
[1024/165425.037:INFO:CONSOLE(27)] "Lynx2D [16:54:25] - Started game loop at 60 FPS!", source: file:///C:/Users/Arthur/Desktop/lynx2d/Lynx2D-Engine/bin/x64/Debug/projects/otherworld//data/lynx2d.js (27)
[1024/165425.037:INFO:CONSOLE(490)] "Lynx2D [16:54:25] - New controller created.", source: file:///C:/Users/Arthur/Desktop/lynx2d/Lynx2D-Engine/bin/x64/Debug/projects/otherworld//data/lynx2d.js (490)
[1024/165435.280:INFO:CONSOLE(1)] "ENGINE_INTERACTION_PLACE_TILE(X-2Y-3R0)", source: about:blank (1)
[1024/165435.292:INFO:CONSOLE(1)] "ENGINE_INTERACTION_PLACE_TILE(X-2Y-3R0)", source: about:blank (1)
[1024/165435.312:INFO:CONSOLE(1)] "ENGINE_INTERACTION_PLACE_TILE(X-2Y-3R0)", source: about:blank (1)
[1024/165435.326:INFO:CONSOLE(1)] "ENGINE_INTERACTION_PLACE_TILE(X-2Y-3R0)", source: about:blank (1)
[1024/165517.493:INFO:CONSOLE(27)] "Lynx2D [16:55:17] - Started game loop at 60 FPS!", source: file:///C:/Users/Arthur/Desktop/lynx2d/Lynx2D-Engine/bin/x64/Debug/projects/otherworld//data/lynx2d.js (27)
[1024/165517.493:INFO:CONSOLE(490)] "Lynx2D [16:55:17] - New controller created.", source: file:///C:/Users/Arthur/Desktop/lynx2d/Lynx2D-Engine/bin/x64/Debug/projects/otherworld//data/lynx2d.js (490)
[1024/165558.638:INFO:CONSOLE(27)] "Lynx2D [16:55:58] - Started game loop at 60 FPS!", source: file:///C:/Users/Arthur/Desktop/lynx2d/Lynx2D-Engine/bin/x64/Debug/projects/otherworld//data/lynx2d.js (27)
[1024/165558.639:INFO:CONSOLE(490)] "Lynx2D [16:55:58] - New controller created.", source: file:///C:/Users/Arthur/Desktop/lynx2d/Lynx2D-Engine/bin/x64/Debug/projects/otherworld//data/lynx2d.js (490)
[1024/165605.851:INFO:CONSOLE(27)] "Lynx2D [16:56:05] - Started game loop at 60 FPS!", source: file:///C:/Users/Arthur/Desktop/lynx2d/Lynx2D-Engine/bin/x64/Debug/projects/otherworld//data/lynx2d.js (27)
[1024/165605.851:INFO:CONSOLE(490)] "Lynx2D [16:56:05] - New controller created.", source: file:///C:/Users/Arthur/Desktop/lynx2d/Lynx2D-Engine/bin/x64/Debug/projects/otherworld//data/lynx2d.js (490)
[1024/165616.697:INFO:CONSOLE(1)] "ENGINE_INTERACTION_PLACE_TILE(X-2Y-3R0)", source: about:blank (1)
[1024/165616.712:INFO:CONSOLE(1)] "ENGINE_INTERACTION_PLACE_TILE(X-2Y-3R0)", source: about:blank (1)
[1024/165616.726:INFO:CONSOLE(1)] "ENGINE_INTERACTION_PLACE_TILE(X-2Y-3R0)", source: about:blank (1)
[1024/165616.747:INFO:CONSOLE(1)] "ENGINE_INTERACTION_PLACE_TILE(X-2Y-3R0)", source: about:blank (1)
[1024/165642.779:INFO:CONSOLE(27)] "Lynx2D [16:56:42] - Started game loop at 60 FPS!", source: file:///C:/Users/Arthur/Desktop/lynx2d/Lynx2D-Engine/bin/x64/Debug/projects/otherworld//data/lynx2d.js (27)
[1024/165642.780:INFO:CONSOLE(490)] "Lynx2D [16:56:42] - New controller created.", source: file:///C:/Users/Arthur/Desktop/lynx2d/Lynx2D-Engine/bin/x64/Debug/projects/otherworld//data/lynx2d.js (490)
[1024/165741.392:INFO:CONSOLE(27)] "Lynx2D [16:57:41] - Started game loop at 60 FPS!", source: file:///C:/Users/Arthur/Desktop/lynx2d/Lynx2D-Engine/bin/x64/Debug/projects/otherworld//data/lynx2d.js (27)
[1024/165741.392:INFO:CONSOLE(490)] "Lynx2D [16:57:41] - New controller created.", source: file:///C:/Users/Arthur/Desktop/lynx2d/Lynx2D-Engine/bin/x64/Debug/projects/otherworld//data/lynx2d.js (490)
[1024/165746.155:INFO:CONSOLE(1)] "ENGINE_INTERACTION_REMOVE_TILE(X-7Y-5)", source: about:blank (1)
[1024/165746.176:INFO:CONSOLE(1)] "ENGINE_INTERACTION_REMOVE_TILE(X-7Y-5)", source: about:blank (1)
[1024/165746.190:INFO:CONSOLE(1)] "ENGINE_INTERACTION_REMOVE_TILE(X-7Y-5)", source: about:blank (1)
[1024/165746.210:INFO:CONSOLE(1)] "ENGINE_INTERACTION_REMOVE_TILE(X-7Y-5)", source: about:blank (1)
[1024/165746.224:INFO:CONSOLE(1)] "ENGINE_INTERACTION_REMOVE_TILE(X-7Y-5)", source: about:blank (1)
[1024/165746.772:INFO:CONSOLE(1)] "ENGINE_INTERACTION_REMOVE_TILE(X-8Y-6)", source: about:blank (1)
[1024/165746.792:INFO:CONSOLE(1)] "ENGINE_INTERACTION_REMOVE_TILE(X-8Y-6)", source: about:blank (1)
[1024/165746.806:INFO:CONSOLE(1)] "ENGINE_INTERACTION_REMOVE_TILE(X-8Y-6)", source: about:blank (1)
[1024/165746.822:INFO:CONSOLE(1)] "ENGINE_INTERACTION_REMOVE_TILE(X-8Y-6)", source: about:blank (1)
[1024/165746.841:INFO:CONSOLE(1)] "ENGINE_INTERACTION_REMOVE_TILE(X-8Y-6)", source: about:blank (1)
[1024/165747.244:INFO:CONSOLE(1)] "ENGINE_INTERACTION_REMOVE_TILE(X-8Y-5)", source: about:blank (1)
[1024/165747.258:INFO:CONSOLE(1)] "ENGINE_INTERACTION_REMOVE_TILE(X-8Y-5)", source: about:blank (1)
[1024/165747.272:INFO:CONSOLE(1)] "ENGINE_INTERACTION_REMOVE_TILE(X-8Y-5)", source: about:blank (1)
[1024/165747.293:INFO:CONSOLE(1)] "ENGINE_INTERACTION_REMOVE_TILE(X-8Y-5)", source: about:blank (1)
[1024/165747.307:INFO:CONSOLE(1)] "ENGINE_INTERACTION_REMOVE_TILE(X-8Y-5)", source: about:blank (1)
[1024/165747.757:INFO:CONSOLE(1)] "ENGINE_INTERACTION_PLACE_TILE(X-8Y-5R0)", source: about:blank (1)
[1024/165747.771:INFO:CONSOLE(1)] "ENGINE_INTERACTION_PLACE_TILE(X-8Y-5R0)", source: about:blank (1)
[1024/165747.792:INFO:CONSOLE(1)] "ENGINE_INTERACTION_PLACE_TILE(X-8Y-5R0)", source: about:blank (1)
[1024/165747.806:INFO:CONSOLE(1)] "ENGINE_INTERACTION_PLACE_TILE(X-8Y-5R0)", source: about:blank (1)
[1024/165747.820:INFO:CONSOLE(1)] "ENGINE_INTERACTION_PLACE_TILE(X-8Y-5R0)", source: about:blank (1)
[1024/165749.473:INFO:CONSOLE(1)] "ENGINE_INTERACTION_PLACE_TILE(X-7Y-5R0)", source: about:blank (1)
[1024/165749.494:INFO:CONSOLE(1)] "ENGINE_INTERACTION_PLACE_TILE(X-7Y-5R0)", source: about:blank (1)
[1024/165749.508:INFO:CONSOLE(1)] "ENGINE_INTERACTION_PLACE_TILE(X-7Y-5R0)", source: about:blank (1)
[1024/165749.522:INFO:CONSOLE(1)] "ENGINE_INTERACTION_PLACE_TILE(X-7Y-5R0)", source: about:blank (1)
[1024/165751.343:INFO:CONSOLE(1)] "ENGINE_INTERACTION_PLACE_TILE(X-8Y-5R0)", source: about:blank (1)
[1024/165751.355:INFO:CONSOLE(1)] "ENGINE_INTERACTION_PLACE_TILE(X-8Y-5R0)", source: about:blank (1)
[1024/165751.376:INFO:CONSOLE(1)] "ENGINE_INTERACTION_PLACE_TILE(X-8Y-5R0)", source: about:blank (1)
[1024/165751.389:INFO:CONSOLE(1)] "ENGINE_INTERACTION_PLACE_TILE(X-8Y-5R0)", source: about:blank (1)
[1024/165947.240:INFO:CONSOLE(27)] "Lynx2D [16:59:47] - Started game loop at 60 FPS!", source: file:///C:/Users/Arthur/Desktop/lynx2d/Lynx2D-Engine/bin/x64/Debug/projects/otherworld//data/lynx2d.js (27)
[1024/165947.240:INFO:CONSOLE(490)] "Lynx2D [16:59:47] - New controller created.", source: file:///C:/Users/Arthur/Desktop/lynx2d/Lynx2D-Engine/bin/x64/Debug/projects/otherworld//data/lynx2d.js (490)
[1024/165948.843:INFO:CONSOLE(27)] "Lynx2D [16:59:48] - Started game loop at 60 FPS!", source: file:///C:/Users/Arthur/Desktop/lynx2d/Lynx2D-Engine/bin/x64/Debug/projects/otherworld//data/lynx2d.js (27)
[1024/165948.843:INFO:CONSOLE(490)] "Lynx2D [16:59:48] - New controller created.", source: file:///C:/Users/Arthur/Desktop/lynx2d/Lynx2D-Engine/bin/x64/Debug/projects/otherworld//data/lynx2d.js (490)
[1024/170049.324:INFO:CONSOLE(27)] "Lynx2D [17:00:49] - Started game loop at 60 FPS!", source: file:///C:/Users/Arthur/Desktop/lynx2d/Lynx2D-Engine/bin/x64/Debug/projects/otherworld//data/lynx2d.js (27)
[1024/170049.325:INFO:CONSOLE(490)] "Lynx2D [17:00:49] - New controller created.", source: file:///C:/Users/Arthur/Desktop/lynx2d/Lynx2D-Engine/bin/x64/Debug/projects/otherworld//data/lynx2d.js (490)
[1024/170123.830:INFO:CONSOLE(27)] "Lynx2D [17:01:23] - Started game loop at 60 FPS!", source: file:///C:/Users/Arthur/Desktop/lynx2d/Lynx2D-Engine/bin/x64/Debug/projects/otherworld//data/lynx2d.js (27)
[1024/170123.830:INFO:CONSOLE(490)] "Lynx2D [17:01:23] - New controller created.", source: file:///C:/Users/Arthur/Desktop/lynx2d/Lynx2D-Engine/bin/x64/Debug/projects/otherworld//data/lynx2d.js (490)
[1024/170129.200:INFO:CONSOLE(27)] "Lynx2D [17:01:29] - Started game loop at 60 FPS!", source: file:///C:/Users/Arthur/Desktop/lynx2d/Lynx2D-Engine/bin/x64/Debug/projects/otherworld//data/lynx2d.js (27)
[1024/170129.200:INFO:CONSOLE(490)] "Lynx2D [17:01:29] - New controller created.", source: file:///C:/Users/Arthur/Desktop/lynx2d/Lynx2D-Engine/bin/x64/Debug/projects/otherworld//data/lynx2d.js (490)
[1024/170131.435:INFO:CONSOLE(27)] "Lynx2D [17:01:31] - Started game loop at 60 FPS!", source: file:///C:/Users/Arthur/Desktop/lynx2d/Lynx2D-Engine/bin/x64/Debug/projects/otherworld//data/lynx2d.js (27)
[1024/170131.435:INFO:CONSOLE(490)] "Lynx2D [17:01:31] - New controller created.", source: file:///C:/Users/Arthur/Desktop/lynx2d/Lynx2D-Engine/bin/x64/Debug/projects/otherworld//data/lynx2d.js (490)
[1024/170247.475:INFO:CONSOLE(27)] "Lynx2D [17:02:47] - Started game loop at 60 FPS!", source: file:///C:/Users/Arthur/Desktop/lynx2d/Lynx2D-Engine/bin/x64/Debug/projects/otherworld//data/lynx2d.js (27)
[1024/170247.476:INFO:CONSOLE(490)] "Lynx2D [17:02:47] - New controller created.", source: file:///C:/Users/Arthur/Desktop/lynx2d/Lynx2D-Engine/bin/x64/Debug/projects/otherworld//data/lynx2d.js (490)
[1024/170326.320:INFO:CONSOLE(27)] "Lynx2D [17:03:26] - Started game loop at 60 FPS!", source: file:///C:/Users/Arthur/Desktop/lynx2d/Lynx2D-Engine/bin/x64/Debug/projects/otherworld//data/lynx2d.js (27)
[1024/170326.321:INFO:CONSOLE(490)] "Lynx2D [17:03:26] - New controller created.", source: file:///C:/Users/Arthur/Desktop/lynx2d/Lynx2D-Engine/bin/x64/Debug/projects/otherworld//data/lynx2d.js (490)
